<?xml version="1.0" encoding="UTF-8"?>
<!-- Generated by org.testng.reporters.JUnitXMLReporter -->
<testsuite ignored="0" hostname="MacBook-Air.local" failures="0" tests="6" name="Account Page Test" time="49.21" errors="0" timestamp="2024-10-17T17:39:28 SGT">
  <testcase classname="personal.anand.qa.opencart.tests.AccountPageTest" name="accountHeadersTest" time="2.189"/>
  <testcase classname="personal.anand.qa.opencart.tests.AccountPageTest" name="accountPageTitleTest" time="0.216"/>
  <testcase classname="personal.anand.qa.opencart.tests.AccountPageTest" name="SearchTest" time="6.537"/>
  <testcase classname="personal.anand.qa.opencart.tests.AccountPageTest" name="SearchTest" time="7.145"/>
  <testcase classname="personal.anand.qa.opencart.tests.AccountPageTest" name="SearchTest" time="6.272"/>
  <testcase classname="personal.anand.qa.opencart.tests.AccountPageTest" name="SearchTest" time="5.394"/>
</testsuite> <!-- Account Page Test -->
