<?xml version="1.0" encoding="UTF-8"?>
<!-- Generated by org.testng.reporters.JUnitXMLReporter -->
<testsuite ignored="0" hostname="MacBook-Air.local" failures="0" tests="6" name="Account Page Test" time="73.68" errors="0" timestamp="2024-09-19T15:31:00 SGT">
  <testcase classname="personal.anand.qa.opencart.tests.AccountPageTest" name="accountHeadersTest" time="1.711"/>
  <testcase classname="personal.anand.qa.opencart.tests.AccountPageTest" name="accountPageTitleTest" time="0.01"/>
  <testcase classname="personal.anand.qa.opencart.tests.AccountPageTest" name="SearchTest" time="3.495"/>
  <testcase classname="personal.anand.qa.opencart.tests.AccountPageTest" name="SearchTest" time="3.274"/>
  <testcase classname="personal.anand.qa.opencart.tests.AccountPageTest" name="SearchTest" time="0.885"/>
  <testcase classname="personal.anand.qa.opencart.tests.AccountPageTest" name="SearchTest" time="0.712"/>
</testsuite> <!-- Account Page Test -->
