<?xml version="1.0" encoding="UTF-8"?>
<!-- Generated by org.testng.reporters.JUnitXMLReporter -->
<testsuite ignored="0" hostname="MacBook-Air.local" failures="0" tests="2" name="Login Page Test" time="31.566" errors="0" timestamp="2024-10-17T17:39:10 SGT">
  <testcase classname="personal.anand.qa.opencart.tests.LoginPageTest" name="loginPageTitleTest" time="0.225"/>
  <testcase classname="personal.anand.qa.opencart.tests.LoginPageTest" name="loginTest" time="4.531"/>
</testsuite> <!-- Login Page Test -->
