<?xml version="1.0" encoding="UTF-8"?>
<!-- Generated by org.testng.reporters.JUnitXMLReporter -->
<testsuite ignored="0" hostname="MacBook-Air.local" failures="0" tests="2" name="Login Page Test" time="63.754" errors="0" timestamp="2024-09-19T15:30:50 SGT">
  <testcase classname="personal.anand.qa.opencart.tests.LoginPageTest" name="loginPageTitleTest" time="1.881"/>
  <testcase classname="personal.anand.qa.opencart.tests.LoginPageTest" name="loginTest" time="6.84"/>
</testsuite> <!-- Login Page Test -->
