<?xml version="1.0" encoding="UTF-8"?>
<testng-results ignored="0" total="12" passed="12" failed="0" skipped="0">
  <reporter-output>
  </reporter-output>
  <suite started-at="2024-10-17T17:38:38 SGT" name="Open Cart Regression" finished-at="2024-10-17T17:39:29 SGT" duration-ms="50816">
    <groups>
    </groups>
    <test started-at="2024-10-17T17:38:38 SGT" name="Register Page Test" finished-at="2024-10-17T17:39:09 SGT" duration-ms="30324">
      <class name="personal.anand.qa.opencart.tests.RegisterPageTest">
        <test-method is-config="true" signature="setup(java.lang.String)[pri:0, instance:personal.anand.qa.opencart.tests.RegisterPageTest@2042ccce]" started-at="2024-10-17T17:38:38 SGT" name="setup" finished-at="2024-10-17T17:38:54 SGT" duration-ms="15391" status="PASS">
          <params>
            <param index="0">
              <value>
                <![CDATA[chrome]]>
              </value>
            </param>
          </params>
          <reporter-output>
          </reporter-output>
        </test-method> <!-- setup -->
        <test-method is-config="true" signature="registerPageSetup()[pri:0, instance:personal.anand.qa.opencart.tests.RegisterPageTest@2042ccce]" started-at="2024-10-17T17:38:54 SGT" name="registerPageSetup" finished-at="2024-10-17T17:38:57 SGT" duration-ms="2731" status="PASS">
          <reporter-output>
          </reporter-output>
        </test-method> <!-- registerPageSetup -->
        <test-method signature="registerAccountTest(java.lang.String,java.lang.String,java.lang.String,java.lang.String)[pri:0, instance:personal.anand.qa.opencart.tests.RegisterPageTest@2042ccce]" started-at="2024-10-17T17:38:57 SGT" name="registerAccountTest" data-provider="getRegisterAccountData" finished-at="2024-10-17T17:39:08 SGT" duration-ms="11649" status="PASS">
          <params>
            <param index="0">
              <value>
                <![CDATA[Rahul]]>
              </value>
            </param>
            <param index="1">
              <value>
                <![CDATA[Bhandaari]]>
              </value>
            </param>
            <param index="2">
              <value>
                <![CDATA[98456832]]>
              </value>
            </param>
            <param index="3">
              <value>
                <![CDATA[1234]]>
              </value>
            </param>
          </params>
          <reporter-output>
          </reporter-output>
        </test-method> <!-- registerAccountTest -->
        <test-method is-config="true" signature="tearDown()[pri:0, instance:personal.anand.qa.opencart.tests.RegisterPageTest@2042ccce]" started-at="2024-10-17T17:39:08 SGT" name="tearDown" finished-at="2024-10-17T17:39:09 SGT" duration-ms="313" status="PASS">
          <reporter-output>
          </reporter-output>
        </test-method> <!-- tearDown -->
      </class> <!-- personal.anand.qa.opencart.tests.RegisterPageTest -->
    </test> <!-- Register Page Test -->
    <test started-at="2024-10-17T17:38:38 SGT" name="Login Page Test" finished-at="2024-10-17T17:39:10 SGT" duration-ms="31566">
      <class name="personal.anand.qa.opencart.tests.LoginPageTest">
        <test-method is-config="true" signature="setup(java.lang.String)[pri:0, instance:personal.anand.qa.opencart.tests.LoginPageTest@3e17a0a1]" started-at="2024-10-17T17:38:38 SGT" name="setup" finished-at="2024-10-17T17:39:02 SGT" duration-ms="23289" status="PASS">
          <params>
            <param index="0">
              <value>
                <![CDATA[firefox]]>
              </value>
            </param>
          </params>
          <reporter-output>
          </reporter-output>
        </test-method> <!-- setup -->
        <test-method signature="loginPageTitleTest()[pri:0, instance:personal.anand.qa.opencart.tests.LoginPageTest@3e17a0a1]" started-at="2024-10-17T17:39:02 SGT" name="loginPageTitleTest" finished-at="2024-10-17T17:39:02 SGT" duration-ms="225" status="PASS">
          <reporter-output>
          </reporter-output>
        </test-method> <!-- loginPageTitleTest -->
        <test-method signature="loginTest()[pri:2147483647, instance:personal.anand.qa.opencart.tests.LoginPageTest@3e17a0a1]" started-at="2024-10-17T17:39:02 SGT" name="loginTest" finished-at="2024-10-17T17:39:06 SGT" duration-ms="4531" status="PASS">
          <reporter-output>
          </reporter-output>
        </test-method> <!-- loginTest -->
        <test-method is-config="true" signature="tearDown()[pri:0, instance:personal.anand.qa.opencart.tests.LoginPageTest@3e17a0a1]" started-at="2024-10-17T17:39:06 SGT" name="tearDown" finished-at="2024-10-17T17:39:10 SGT" duration-ms="3361" status="PASS">
          <reporter-output>
          </reporter-output>
        </test-method> <!-- tearDown -->
      </class> <!-- personal.anand.qa.opencart.tests.LoginPageTest -->
    </test> <!-- Login Page Test -->
    <test started-at="2024-10-17T17:38:38 SGT" name="Account Page Test" finished-at="2024-10-17T17:39:27 SGT" duration-ms="49210">
      <class name="personal.anand.qa.opencart.tests.AccountPageTest">
        <test-method is-config="true" signature="setup(java.lang.String)[pri:0, instance:personal.anand.qa.opencart.tests.AccountPageTest@16c587de]" started-at="2024-10-17T17:38:38 SGT" name="setup" finished-at="2024-10-17T17:38:54 SGT" duration-ms="15199" status="PASS">
          <params>
            <param index="0">
              <value>
                <![CDATA[chrome]]>
              </value>
            </param>
          </params>
          <reporter-output>
          </reporter-output>
        </test-method> <!-- setup -->
        <test-method is-config="true" signature="accountPageSetup()[pri:0, instance:personal.anand.qa.opencart.tests.AccountPageTest@16c587de]" started-at="2024-10-17T17:38:54 SGT" name="accountPageSetup" finished-at="2024-10-17T17:38:59 SGT" duration-ms="5445" status="PASS">
          <reporter-output>
          </reporter-output>
        </test-method> <!-- accountPageSetup -->
        <test-method signature="accountHeadersTest()[pri:0, instance:personal.anand.qa.opencart.tests.AccountPageTest@16c587de]" started-at="2024-10-17T17:38:59 SGT" name="accountHeadersTest" finished-at="2024-10-17T17:39:01 SGT" duration-ms="2189" status="PASS">
          <reporter-output>
          </reporter-output>
        </test-method> <!-- accountHeadersTest -->
        <test-method signature="accountPageTitleTest()[pri:0, instance:personal.anand.qa.opencart.tests.AccountPageTest@16c587de]" started-at="2024-10-17T17:39:02 SGT" name="accountPageTitleTest" finished-at="2024-10-17T17:39:02 SGT" duration-ms="216" status="PASS">
          <reporter-output>
          </reporter-output>
        </test-method> <!-- accountPageTitleTest -->
        <test-method signature="SearchTest(java.lang.String,java.lang.String,java.lang.String)[pri:2147483647, instance:personal.anand.qa.opencart.tests.AccountPageTest@16c587de]" started-at="2024-10-17T17:39:02 SGT" name="SearchTest" data-provider="getSearchTestData" finished-at="2024-10-17T17:39:08 SGT" duration-ms="6537" status="PASS">
          <params>
            <param index="0">
              <value>
                <![CDATA[Macbook]]>
              </value>
            </param>
            <param index="1">
              <value>
                <![CDATA[MacBook Air]]>
              </value>
            </param>
            <param index="2">
              <value>
                <![CDATA[$1,202.00]]>
              </value>
            </param>
          </params>
          <reporter-output>
          </reporter-output>
        </test-method> <!-- SearchTest -->
        <test-method signature="SearchTest(java.lang.String,java.lang.String,java.lang.String)[pri:2147483647, instance:personal.anand.qa.opencart.tests.AccountPageTest@16c587de]" started-at="2024-10-17T17:39:08 SGT" name="SearchTest" data-provider="getSearchTestData" finished-at="2024-10-17T17:39:15 SGT" duration-ms="7145" status="PASS">
          <params>
            <param index="0">
              <value>
                <![CDATA[Macbook]]>
              </value>
            </param>
            <param index="1">
              <value>
                <![CDATA[MacBook Pro]]>
              </value>
            </param>
            <param index="2">
              <value>
                <![CDATA[$2,000.00]]>
              </value>
            </param>
          </params>
          <reporter-output>
          </reporter-output>
        </test-method> <!-- SearchTest -->
        <test-method signature="SearchTest(java.lang.String,java.lang.String,java.lang.String)[pri:2147483647, instance:personal.anand.qa.opencart.tests.AccountPageTest@16c587de]" started-at="2024-10-17T17:39:15 SGT" name="SearchTest" data-provider="getSearchTestData" finished-at="2024-10-17T17:39:22 SGT" duration-ms="6272" status="PASS">
          <params>
            <param index="0">
              <value>
                <![CDATA[imac]]>
              </value>
            </param>
            <param index="1">
              <value>
                <![CDATA[iMac]]>
              </value>
            </param>
            <param index="2">
              <value>
                <![CDATA[$122.00]]>
              </value>
            </param>
          </params>
          <reporter-output>
          </reporter-output>
        </test-method> <!-- SearchTest -->
        <test-method signature="SearchTest(java.lang.String,java.lang.String,java.lang.String)[pri:2147483647, instance:personal.anand.qa.opencart.tests.AccountPageTest@16c587de]" started-at="2024-10-17T17:39:22 SGT" name="SearchTest" data-provider="getSearchTestData" finished-at="2024-10-17T17:39:27 SGT" duration-ms="5394" status="PASS">
          <params>
            <param index="0">
              <value>
                <![CDATA[Samsung]]>
              </value>
            </param>
            <param index="1">
              <value>
                <![CDATA[Samsung Galaxy Tab 10.1]]>
              </value>
            </param>
            <param index="2">
              <value>
                <![CDATA[$241.99]]>
              </value>
            </param>
          </params>
          <reporter-output>
          </reporter-output>
        </test-method> <!-- SearchTest -->
        <test-method is-config="true" signature="tearDown()[pri:0, instance:personal.anand.qa.opencart.tests.AccountPageTest@16c587de]" started-at="2024-10-17T17:39:27 SGT" name="tearDown" finished-at="2024-10-17T17:39:27 SGT" duration-ms="321" status="PASS">
          <reporter-output>
          </reporter-output>
        </test-method> <!-- tearDown -->
      </class> <!-- personal.anand.qa.opencart.tests.AccountPageTest -->
    </test> <!-- Account Page Test -->
    <test started-at="2024-10-17T17:38:38 SGT" name="Product Info Page Test" finished-at="2024-10-17T17:39:29 SGT" duration-ms="50816">
      <class name="personal.anand.qa.opencart.tests.ProductInfoPageTest">
        <test-method is-config="true" signature="setup(java.lang.String)[pri:0, instance:personal.anand.qa.opencart.tests.ProductInfoPageTest@28737371]" started-at="2024-10-17T17:38:38 SGT" name="setup" finished-at="2024-10-17T17:39:01 SGT" duration-ms="23065" status="PASS">
          <params>
            <param index="0">
              <value>
                <![CDATA[firefox]]>
              </value>
            </param>
          </params>
          <reporter-output>
          </reporter-output>
        </test-method> <!-- setup -->
        <test-method is-config="true" signature="productInfoPageSetup()[pri:0, instance:personal.anand.qa.opencart.tests.ProductInfoPageTest@28737371]" started-at="2024-10-17T17:39:01 SGT" name="productInfoPageSetup" finished-at="2024-10-17T17:39:06 SGT" duration-ms="4289" status="PASS">
          <reporter-output>
          </reporter-output>
        </test-method> <!-- productInfoPageSetup -->
        <test-method signature="addToCartTest(java.lang.String,java.lang.String)[pri:0, instance:personal.anand.qa.opencart.tests.ProductInfoPageTest@28737371]" started-at="2024-10-17T17:39:06 SGT" name="addToCartTest" data-provider="cartData" finished-at="2024-10-17T17:39:13 SGT" duration-ms="7413" status="PASS">
          <params>
            <param index="0">
              <value>
                <![CDATA[macbook]]>
              </value>
            </param>
            <param index="1">
              <value>
                <![CDATA[MacBook Air]]>
              </value>
            </param>
          </params>
          <reporter-output>
          </reporter-output>
        </test-method> <!-- addToCartTest -->
        <test-method signature="addToCartTest(java.lang.String,java.lang.String)[pri:0, instance:personal.anand.qa.opencart.tests.ProductInfoPageTest@28737371]" started-at="2024-10-17T17:39:13 SGT" name="addToCartTest" data-provider="cartData" finished-at="2024-10-17T17:39:21 SGT" duration-ms="8174" status="PASS">
          <params>
            <param index="0">
              <value>
                <![CDATA[macbook]]>
              </value>
            </param>
            <param index="1">
              <value>
                <![CDATA[MacBook Pro]]>
              </value>
            </param>
          </params>
          <reporter-output>
          </reporter-output>
        </test-method> <!-- addToCartTest -->
        <test-method signature="addToCartTest(java.lang.String,java.lang.String)[pri:0, instance:personal.anand.qa.opencart.tests.ProductInfoPageTest@28737371]" started-at="2024-10-17T17:39:21 SGT" name="addToCartTest" data-provider="cartData" finished-at="2024-10-17T17:39:28 SGT" duration-ms="6343" status="PASS">
          <params>
            <param index="0">
              <value>
                <![CDATA[samsung]]>
              </value>
            </param>
            <param index="1">
              <value>
                <![CDATA[Samsung Galaxy Tab 10.1]]>
              </value>
            </param>
          </params>
          <reporter-output>
          </reporter-output>
        </test-method> <!-- addToCartTest -->
        <test-method is-config="true" signature="tearDown()[pri:0, instance:personal.anand.qa.opencart.tests.ProductInfoPageTest@28737371]" started-at="2024-10-17T17:39:28 SGT" name="tearDown" finished-at="2024-10-17T17:39:29 SGT" duration-ms="1323" status="PASS">
          <reporter-output>
          </reporter-output>
        </test-method> <!-- tearDown -->
      </class> <!-- personal.anand.qa.opencart.tests.ProductInfoPageTest -->
    </test> <!-- Product Info Page Test -->
  </suite> <!-- Open Cart Regression -->
</testng-results>
